Using pre-set license
Built from '2021.3/staging' branch; Version is '2021.3.24f1 (cf10dcf7010d) revision 13570268'; Using compiler version '192829333'; Build Type 'Release'
OS: 'Windows 11  (10.0.22621) 64bit CoreSingleLanguage' Language: 'pt' Physical Memory: 7975 MB
BatchMode: 1, IsHumanControllingUs: 0, StartBugReporterOnCrash: 0, Is64bit: 1, IsPro: 1

COMMAND LINE ARGUMENTS:
C:\Program Files\Unity\Hub\Editor\2021.3.24f1\Editor\Unity.exe
-adb2
-batchMode
-noUpm
-name
AssetImportWorker2
-projectPath
C:/Users/nip02/OneDrive/Documentos/GitHub/Fisio_room/My project (1)
-logFile
Logs/AssetImportWorker2.log
-srvPort
52338
Successfully changed project path to: C:/Users/nip02/OneDrive/Documentos/GitHub/Fisio_room/My project (1)
C:/Users/nip02/OneDrive/Documentos/GitHub/Fisio_room/My project (1)
[UnityMemory] Configuration Parameters - Can be set up in boot.config
    "memorysetup-bucket-allocator-granularity=16"
    "memorysetup-bucket-allocator-bucket-count=8"
    "memorysetup-bucket-allocator-block-size=33554432"
    "memorysetup-bucket-allocator-block-count=8"
    "memorysetup-main-allocator-block-size=16777216"
    "memorysetup-thread-allocator-block-size=16777216"
    "memorysetup-gfx-main-allocator-block-size=16777216"
    "memorysetup-gfx-thread-allocator-block-size=16777216"
    "memorysetup-cache-allocator-block-size=4194304"
    "memorysetup-typetree-allocator-block-size=2097152"
    "memorysetup-profiler-bucket-allocator-granularity=16"
    "memorysetup-profiler-bucket-allocator-bucket-count=8"
    "memorysetup-profiler-bucket-allocator-block-size=33554432"
    "memorysetup-profiler-bucket-allocator-block-count=8"
    "memorysetup-profiler-allocator-block-size=16777216"
    "memorysetup-profiler-editor-allocator-block-size=1048576"
    "memorysetup-temp-allocator-size-main=16777216"
    "memorysetup-job-temp-allocator-block-size=2097152"
    "memorysetup-job-temp-allocator-block-size-background=1048576"
    "memorysetup-job-temp-allocator-reduction-small-platforms=262144"
    "memorysetup-temp-allocator-size-background-worker=32768"
    "memorysetup-temp-allocator-size-job-worker=262144"
    "memorysetup-temp-allocator-size-preload-manager=33554432"
    "memorysetup-temp-allocator-size-nav-mesh-worker=65536"
    "memorysetup-temp-allocator-size-audio-worker=65536"
    "memorysetup-temp-allocator-size-cloud-worker=32768"
    "memorysetup-temp-allocator-size-gi-baking-worker=262144"
    "memorysetup-temp-allocator-size-gfx=262144"
Player connection [30412] Host "[IP] 200.39.78.223 [Port] 0 [Flags] 2 [Guid] 3841533334 [EditorId] 3841533334 [Version] 1048832 [Id] WindowsEditor(7,Virtwell-2) [Debug] 1 [PackageName] WindowsEditor [ProjectName] Editor" joined multi-casting on [225.0.0.222:54997]...

Player connection [30412] Host "[IP] 200.39.78.223 [Port] 0 [Flags] 2 [Guid] 3841533334 [EditorId] 3841533334 [Version] 1048832 [Id] WindowsEditor(7,Virtwell-2) [Debug] 1 [PackageName] WindowsEditor [ProjectName] Editor" joined alternative multi-casting on [225.0.0.222:34997]...

Refreshing native plugins compatible for Editor in 82.68 ms, found 6 plugins.
Preloading 1 native plugins for Editor in 2.33 ms.
Initialize engine version: 2021.3.24f1 (cf10dcf7010d)
[Subsystems] Discovering subsystems at path C:/Program Files/Unity/Hub/Editor/2021.3.24f1/Editor/Data/Resources/UnitySubsystems
[Subsystems] Discovering subsystems at path C:/Users/nip02/OneDrive/Documentos/GitHub/Fisio_room/My project (1)/Assets
GfxDevice: creating device client; threaded=0; jobified=0
Direct3D:
    Version:  Direct3D 11.0 [level 11.1]
    Renderer: NVIDIA GeForce GTX 1650 (ID=0x1f9d)
    Vendor:   NVIDIA
    VRAM:     3952 MB
    Driver:   31.0.15.3179
Initialize mono
Mono path[0] = 'C:/Program Files/Unity/Hub/Editor/2021.3.24f1/Editor/Data/Managed'
Mono path[1] = 'C:/Program Files/Unity/Hub/Editor/2021.3.24f1/Editor/Data/MonoBleedingEdge/lib/mono/unityjit-win32'
Mono config path = 'C:/Program Files/Unity/Hub/Editor/2021.3.24f1/Editor/Data/MonoBleedingEdge/etc'
Using monoOptions --debugger-agent=transport=dt_socket,embedding=1,server=y,suspend=n,address=127.0.0.1:56212
Begin MonoManager ReloadAssembly
Registering precompiled unity dll's ...
Register platform support module: C:/Program Files/Unity/Hub/Editor/2021.3.24f1/Editor/Data/PlaybackEngines/WebGLSupport/UnityEditor.WebGL.Extensions.dll
Register platform support module: C:/Program Files/Unity/Hub/Editor/2021.3.24f1/Editor/Data/PlaybackEngines/WindowsStandaloneSupport/UnityEditor.WindowsStandalone.Extensions.dll
Registered in 0.007454 seconds.
Native extension for WindowsStandalone target not found
Native extension for WebGL target not found
Refreshing native plugins compatible for Editor in 77.47 ms, found 6 plugins.
Preloading 1 native plugins for Editor in 0.11 ms.
Mono: successfully reloaded assembly
- Completed reload, in  0.629 seconds
Domain Reload Profiling:
	ReloadAssembly (630ms)
		BeginReloadAssembly (86ms)
			ExecutionOrderSort (0ms)
			DisableScriptedObjects (0ms)
			BackupInstance (0ms)
			ReleaseScriptingObjects (0ms)
			CreateAndSetChildDomain (1ms)
		EndReloadAssembly (436ms)
			LoadAssemblies (86ms)
			RebuildTransferFunctionScriptingTraits (0ms)
			SetupTypeCache (120ms)
			ReleaseScriptCaches (0ms)
			RebuildScriptCaches (26ms)
			SetupLoadedEditorAssemblies (239ms)
				LogAssemblyErrors (0ms)
				InitializePlatformSupportModulesInManaged (8ms)
				SetLoadedEditorAssemblies (0ms)
				RefreshPlugins (78ms)
				BeforeProcessingInitializeOnLoad (1ms)
				ProcessInitializeOnLoadAttributes (114ms)
				ProcessInitializeOnLoadMethodAttributes (38ms)
				AfterProcessingInitializeOnLoad (0ms)
				EditorAssembliesLoaded (0ms)
			ExecutionOrderSort2 (0ms)
			AwakeInstancesAfterBackupRestoration (0ms)
Platform modules already initialized, skipping
Registering precompiled user dll's ...
Registered in 0.008563 seconds.
Begin MonoManager ReloadAssembly
Symbol file LoadedFromMemory doesn't match image C:\Users\nip02\OneDrive\Documentos\GitHub\Fisio_room\My project (1)\Library\PackageCache\com.unity.visualscripting@1.8.0\Editor\VisualScripting.Core\Dependencies\YamlDotNet\Unity.VisualScripting.YamlDotNet.dll
Symbol file LoadedFromMemory doesn't match image C:\Users\nip02\OneDrive\Documentos\GitHub\Fisio_room\My project (1)\Library\PackageCache\com.unity.visualscripting@1.8.0\Editor\VisualScripting.Core\Dependencies\DotNetZip\Unity.VisualScripting.IonicZip.dll
Native extension for WindowsStandalone target not found
Native extension for WebGL target not found
Refreshing native plugins compatible for Editor in 77.22 ms, found 6 plugins.
Preloading 1 native plugins for Editor in 0.12 ms.
Package Manager log level set to [2]
System.Reflection.TargetInvocationException: Exception has been thrown by the target of an invocation. ---> System.NullReferenceException: Object reference not set to an instance of an object
  at Unity.XR.Oculus.OculusLoader.AssetPathToAbsolutePath (System.String assetPath) [0x0003d] in C:\Users\nip02\OneDrive\Documentos\GitHub\Fisio_room\My project (1)\Library\PackageCache\com.unity.xr.oculus@3.3.0\Runtime\OculusLoader.cs:282 
  at Unity.XR.Oculus.OculusLoader.EditorLoadOVRPlugin () [0x0007b] in C:\Users\nip02\OneDrive\Documentos\GitHub\Fisio_room\My project (1)\Library\PackageCache\com.unity.xr.oculus@3.3.0\Runtime\OculusLoader.cs:267 
  at (wrapper managed-to-native) System.Reflection.RuntimeMethodInfo.InternalInvoke(System.Reflection.RuntimeMethodInfo,object,object[],System.Exception&)
  at System.Reflection.RuntimeMethodInfo.Invoke (System.Object obj, System.Reflection.BindingFlags invokeAttr, System.Reflection.Binder binder, System.Object[] parameters, System.Globalization.CultureInfo culture) [0x0006a] in <4a4789deb75f446a81a24a1a00bdd3f9>:0 
   --- End of inner exception stack trace ---
  at System.Reflection.RuntimeMethodInfo.Invoke (System.Object obj, System.Reflection.BindingFlags invokeAttr, System.Reflection.Binder binder, System.Object[] parameters, System.Globalization.CultureInfo culture) [0x00083] in <4a4789deb75f446a81a24a1a00bdd3f9>:0 
  at System.Reflection.MethodBase.Invoke (System.Object obj, System.Object[] parameters) [0x00000] in <4a4789deb75f446a81a24a1a00bdd3f9>:0 
  at UnityEditor.EditorAssemblies.ProcessInitializeOnLoadMethodAttributes () [0x000a5] in <e3d2e3f6a525465bbf8c67432a3cb6ef>:0 
UnityEngine.StackTraceUtility:ExtractStackTrace ()
UnityEngine.DebugLogHandler:LogFormat (UnityEngine.LogType,UnityEngine.Object,string,object[])
UnityEngine.Logger:Log (UnityEngine.LogType,object)
UnityEngine.Debug:LogError (object)
UnityEditor.EditorAssemblies:ProcessInitializeOnLoadMethodAttributes ()

Mono: successfully reloaded assembly
- Completed reload, in  1.410 seconds
Domain Reload Profiling:
	ReloadAssembly (1411ms)
		BeginReloadAssembly (128ms)
			ExecutionOrderSort (0ms)
			DisableScriptedObjects (5ms)
			BackupInstance (0ms)
			ReleaseScriptingObjects (0ms)
			CreateAndSetChildDomain (20ms)
		EndReloadAssembly (1166ms)
			LoadAssemblies (120ms)
			RebuildTransferFunctionScriptingTraits (0ms)
			SetupTypeCache (321ms)
			ReleaseScriptCaches (1ms)
			RebuildScriptCaches (59ms)
			SetupLoadedEditorAssemblies (635ms)
				LogAssemblyErrors (0ms)
				InitializePlatformSupportModulesInManaged (5ms)
				SetLoadedEditorAssemblies (0ms)
				RefreshPlugins (77ms)
				BeforeProcessingInitializeOnLoad (92ms)
				ProcessInitializeOnLoadAttributes (433ms)
				ProcessInitializeOnLoadMethodAttributes (21ms)
				AfterProcessingInitializeOnLoad (7ms)
				EditorAssembliesLoaded (0ms)
			ExecutionOrderSort2 (0ms)
			AwakeInstancesAfterBackupRestoration (5ms)
Platform modules already initialized, skipping
========================================================================
Worker process is ready to serve import requests
Launched and connected shader compiler UnityShaderCompiler.exe after 0.13 seconds
Refreshing native plugins compatible for Editor in 0.59 ms, found 6 plugins.
Preloading 1 native plugins for Editor in 0.10 ms.
Unloading 4154 Unused Serialized files (Serialized files now loaded: 0)
Unloading 27 unused Assets / (56.7 KB). Loaded Objects now: 4625.
Memory consumption went from 156.7 MB to 156.6 MB.
Total: 3.292000 ms (FindLiveObjects: 0.292800 ms CreateObjectMapping: 0.130200 ms MarkObjects: 2.777700 ms  DeleteObjects: 0.090500 ms)

AssetImportParameters requested are different than current active one (requested -> active):
  custom:video-decoder-ogg-theora: a1e56fd34408186e4bbccfd4996cb3dc -> 
  custom:container-muxer-webm: aa71ff27fc2769a1b78a27578f13a17b -> 
  custom:container-demuxer-webm: 4f35f7cbe854078d1ac9338744f61a02 -> 
  custom:video-encoder-webm-vp8: eb34c28f22e8b96e1ab97ce403110664 -> 
  custom:video-codec-MediaFoundation-h265: 746d11721c4dcdbdad8f713fa42b33f4 -> 
  custom:audio-encoder-webm-vorbis: bf7c407c2cedff20999df2af8eb42d56 -> 
  custom:framework-win-MediaFoundation: 216162199b28c13a410421893ffa2e32 -> 
  custom:container-demuxer-ogg: 62fdf1f143b41e24485cea50d1cbac27 -> 
  custom:video-decoder-webm-vp8: 9c59270c3fd7afecdb556c50c9e8de78 -> 
  custom:audio-decoder-ogg-vorbis: bf7c407c2cedff20999df2af8eb42d56 -> 
========================================================================
Received Import Request.
  Time since last request: 521369.257646 seconds.
  path: Assets/Samples/XR Interaction Toolkit/2.3.2/Starter Assets/XRI Default XR UI Input Module.preset
  artifactKey: Guid(2c3e7ff9ab352b74da862a5a8779b276) Importer(815301076,1909f56bfc062723c751e8b465ee728b)
Start importing Assets/Samples/XR Interaction Toolkit/2.3.2/Starter Assets/XRI Default XR UI Input Module.preset using Guid(2c3e7ff9ab352b74da862a5a8779b276) Importer(815301076,1909f56bfc062723c751e8b465ee728b)  -> (artifact id: '5de4d2fdba8dbefe5c027e1c6c3bb35d') in 0.053450 seconds 
========================================================================
Received Import Request.
  Time since last request: 4.429243 seconds.
  path: Assets/Samples/XR Interaction Toolkit/2.3.2/Starter Assets/Unity.XR.Interaction.Toolkit.Samples.StarterAssets.asmdef
  artifactKey: Guid(8f07e33567e0ee542b40769c456c6b53) Importer(815301076,1909f56bfc062723c751e8b465ee728b)
Start importing Assets/Samples/XR Interaction Toolkit/2.3.2/Starter Assets/Unity.XR.Interaction.Toolkit.Samples.StarterAssets.asmdef using Guid(8f07e33567e0ee542b40769c456c6b53) Importer(815301076,1909f56bfc062723c751e8b465ee728b)  -> (artifact id: 'fa002c5ae16b02ecfa11cf22db70edd3') in 0.005975 seconds 
========================================================================
Received Import Request.
  Time since last request: 0.000042 seconds.
  path: Assets/Samples/XR Interaction Toolkit/2.3.2/Starter Assets/XRI Default Gaze Controller.preset
  artifactKey: Guid(2e6e6d902741c934ba75a28389d4f66e) Importer(815301076,1909f56bfc062723c751e8b465ee728b)
Start importing Assets/Samples/XR Interaction Toolkit/2.3.2/Starter Assets/XRI Default Gaze Controller.preset using Guid(2e6e6d902741c934ba75a28389d4f66e) Importer(815301076,1909f56bfc062723c751e8b465ee728b)  -> (artifact id: 'b4bb0910b28ae41043c32fdb9eb5ed9f') in 0.013585 seconds 
========================================================================
Received Import Request.
  Time since last request: 103.151420 seconds.
  path: Packages/com.unity.xr.oculus/package.json
  artifactKey: Guid(8cf6f256af772d24eab8f4be77c7fe43) Importer(815301076,1909f56bfc062723c751e8b465ee728b)
Start importing Packages/com.unity.xr.oculus/package.json using Guid(8cf6f256af772d24eab8f4be77c7fe43) Importer(815301076,1909f56bfc062723c751e8b465ee728b)  -> (artifact id: 'fbe1ebfad215534a6a74cf60864e65c1') in 0.005823 seconds 
========================================================================
Received Import Request.
  Time since last request: 5.249753 seconds.
  path: Packages/com.unity.xr.oculus/Editor
  artifactKey: Guid(103f61d82b39f494e93197ae35676c2c) Importer(815301076,1909f56bfc062723c751e8b465ee728b)
Start importing Packages/com.unity.xr.oculus/Editor using Guid(103f61d82b39f494e93197ae35676c2c) Importer(815301076,1909f56bfc062723c751e8b465ee728b)  -> (artifact id: '25b77101453eb03c5ec69efe8438f4cf') in 0.005526 seconds 
========================================================================
Received Import Request.
  Time since last request: 0.089314 seconds.
  path: Packages/com.unity.xr.oculus/Editor/Unity.XR.Oculus.Editor.asmdef
  artifactKey: Guid(d1502596da9f12c4ead8bb8b8542bdc8) Importer(815301076,1909f56bfc062723c751e8b465ee728b)
Start importing Packages/com.unity.xr.oculus/Editor/Unity.XR.Oculus.Editor.asmdef using Guid(d1502596da9f12c4ead8bb8b8542bdc8) Importer(815301076,1909f56bfc062723c751e8b465ee728b)  -> (artifact id: '11457720beceb08d595e9ab5340ffed2') in 0.003223 seconds 
========================================================================
Received Import Request.
  Time since last request: 1.937501 seconds.
  path: Packages/com.unity.xr.oculus/Editor/OculusBuildProcessor.cs
  artifactKey: Guid(a49c6d715b951224c887be5830cda0a6) Importer(815301076,1909f56bfc062723c751e8b465ee728b)
Start importing Packages/com.unity.xr.oculus/Editor/OculusBuildProcessor.cs using Guid(a49c6d715b951224c887be5830cda0a6) Importer(815301076,1909f56bfc062723c751e8b465ee728b)  -> (artifact id: '2b972f35ddb1c4603b70c6b91c0c3371') in 0.006636 seconds 
========================================================================
Received Import Request.
  Time since last request: 2.624629 seconds.
  path: Packages/com.unity.xr.oculus/Runtime/Unity.XR.Oculus.asmdef
  artifactKey: Guid(4af21795022437d4bb139a86514b9ff9) Importer(815301076,1909f56bfc062723c751e8b465ee728b)
Start importing Packages/com.unity.xr.oculus/Runtime/Unity.XR.Oculus.asmdef using Guid(4af21795022437d4bb139a86514b9ff9) Importer(815301076,1909f56bfc062723c751e8b465ee728b)  -> (artifact id: 'd2f003d3cc0001f3b3980315208b6862') in 0.003509 seconds 
========================================================================
Received Import Request.
  Time since last request: 8.990816 seconds.
  path: Packages/com.unity.xr.oculus/Runtime/OculusBoundary.cs
  artifactKey: Guid(2ad7b5d1570eccf478da00e0a20a6f96) Importer(815301076,1909f56bfc062723c751e8b465ee728b)
Start importing Packages/com.unity.xr.oculus/Runtime/OculusBoundary.cs using Guid(2ad7b5d1570eccf478da00e0a20a6f96) Importer(815301076,1909f56bfc062723c751e8b465ee728b)  -> (artifact id: '2255de787b1e0fa557cd11de9ff12e38') in 0.002882 seconds 
========================================================================
Received Import Request.
  Time since last request: 1.060459 seconds.
  path: Packages/com.unity.xr.oculus/Runtime/OculusDevelopment.cs
  artifactKey: Guid(4abcfd9badad03e41a7ddc6909d0c137) Importer(815301076,1909f56bfc062723c751e8b465ee728b)
Start importing Packages/com.unity.xr.oculus/Runtime/OculusDevelopment.cs using Guid(4abcfd9badad03e41a7ddc6909d0c137) Importer(815301076,1909f56bfc062723c751e8b465ee728b)  -> (artifact id: '7e6d85cf1ddf95fd58f88448b4f2781a') in 0.003673 seconds 
========================================================================
Received Import Request.
  Time since last request: 0.315838 seconds.
  path: Packages/com.unity.xr.oculus/Runtime/OculusLoader.cs
  artifactKey: Guid(03bc68f14d65e7747a59d5ff74bd199b) Importer(815301076,1909f56bfc062723c751e8b465ee728b)
Start importing Packages/com.unity.xr.oculus/Runtime/OculusLoader.cs using Guid(03bc68f14d65e7747a59d5ff74bd199b) Importer(815301076,1909f56bfc062723c751e8b465ee728b)  -> (artifact id: '52f5e8bd34aa8fafa0e128248dfcce9d') in 0.002587 seconds 
========================================================================
Received Import Request.
  Time since last request: 0.309596 seconds.
  path: Packages/com.unity.xr.oculus/Runtime/OculusPerformance.cs
  artifactKey: Guid(06e72146948ed8641b996f6fa5c0a602) Importer(815301076,1909f56bfc062723c751e8b465ee728b)
Start importing Packages/com.unity.xr.oculus/Runtime/OculusPerformance.cs using Guid(06e72146948ed8641b996f6fa5c0a602) Importer(815301076,1909f56bfc062723c751e8b465ee728b)  -> (artifact id: '557c6a517b070761ee2a1c459dbed7c7') in 0.003659 seconds 
========================================================================
Received Import Request.
  Time since last request: 1.106089 seconds.
  path: Packages/com.unity.xr.oculus/Runtime/OculusPlugin.cs
  artifactKey: Guid(e5a7c828960f46f41a8e89314eb055d7) Importer(815301076,1909f56bfc062723c751e8b465ee728b)
Start importing Packages/com.unity.xr.oculus/Runtime/OculusPlugin.cs using Guid(e5a7c828960f46f41a8e89314eb055d7) Importer(815301076,1909f56bfc062723c751e8b465ee728b)  -> (artifact id: 'e35bb0951885bd374c4a88b3cc03421f') in 0.002997 seconds 
========================================================================
Received Import Request.
  Time since last request: 0.616341 seconds.
  path: Packages/com.unity.xr.oculus/Runtime/OculusRestarter.cs
  artifactKey: Guid(24ad86ba07a055e4da8a87644757a635) Importer(815301076,1909f56bfc062723c751e8b465ee728b)
Start importing Packages/com.unity.xr.oculus/Runtime/OculusRestarter.cs using Guid(24ad86ba07a055e4da8a87644757a635) Importer(815301076,1909f56bfc062723c751e8b465ee728b)  -> (artifact id: 'c3f984a7905a46b6f4224ca890153abb') in 0.002843 seconds 
========================================================================
Received Import Request.
  Time since last request: 0.585290 seconds.
  path: Packages/com.unity.xr.oculus/Runtime/OculusSession.cs
  artifactKey: Guid(831ffaf1b2551514bb24d78397003782) Importer(815301076,1909f56bfc062723c751e8b465ee728b)
Start importing Packages/com.unity.xr.oculus/Runtime/OculusSession.cs using Guid(831ffaf1b2551514bb24d78397003782) Importer(815301076,1909f56bfc062723c751e8b465ee728b)  -> (artifact id: 'df518d3af9a0c7bb62b08aadcdef477e') in 0.002369 seconds 
========================================================================
Received Import Request.
  Time since last request: 0.866740 seconds.
  path: Packages/com.unity.xr.oculus/Runtime/OculusSettings.cs
  artifactKey: Guid(c353a8f1e58cf884584123914fe63cd5) Importer(815301076,1909f56bfc062723c751e8b465ee728b)
Start importing Packages/com.unity.xr.oculus/Runtime/OculusSettings.cs using Guid(c353a8f1e58cf884584123914fe63cd5) Importer(815301076,1909f56bfc062723c751e8b465ee728b)  -> (artifact id: '25ebaa0f3945c109477c4aa95133bb50') in 0.003093 seconds 
========================================================================
Received Import Request.
  Time since last request: 0.629474 seconds.
  path: Packages/com.unity.xr.oculus/Runtime/OculusUsages.cs
  artifactKey: Guid(ed82b3d3678d2da4b8d3b1934859a081) Importer(815301076,1909f56bfc062723c751e8b465ee728b)
Start importing Packages/com.unity.xr.oculus/Runtime/OculusUsages.cs using Guid(ed82b3d3678d2da4b8d3b1934859a081) Importer(815301076,1909f56bfc062723c751e8b465ee728b)  -> (artifact id: '6a316653e5f5226af550706d044f232c') in 0.003695 seconds 
========================================================================
Received Import Request.
  Time since last request: 0.440285 seconds.
  path: Packages/com.unity.xr.oculus/Runtime/RegisterUpdateCallback.cs
  artifactKey: Guid(249d9bd59fa447809365a610c2a1f327) Importer(815301076,1909f56bfc062723c751e8b465ee728b)
Start importing Packages/com.unity.xr.oculus/Runtime/RegisterUpdateCallback.cs using Guid(249d9bd59fa447809365a610c2a1f327) Importer(815301076,1909f56bfc062723c751e8b465ee728b)  -> (artifact id: 'ff62b235d1abae19e179c85fc6188751') in 0.002830 seconds 
========================================================================
Received Import Request.
  Time since last request: 2.135543 seconds.
  path: Packages/com.unity.xr.oculus/Runtime/InputSystem
  artifactKey: Guid(d5cc3bbf5998a3c4494688b9de505a96) Importer(815301076,1909f56bfc062723c751e8b465ee728b)
Start importing Packages/com.unity.xr.oculus/Runtime/InputSystem using Guid(d5cc3bbf5998a3c4494688b9de505a96) Importer(815301076,1909f56bfc062723c751e8b465ee728b)  -> (artifact id: '2cf88d1994a983a2983de1f4db2f8dc8') in 0.005334 seconds 
========================================================================
Received Import Request.
  Time since last request: 1.054385 seconds.
  path: Packages/com.unity.xr.oculus/Runtime/InputSystem/DeviceLayouts.cs
  artifactKey: Guid(3d1f4a47ef459d14d9aeadd495127314) Importer(815301076,1909f56bfc062723c751e8b465ee728b)
Start importing Packages/com.unity.xr.oculus/Runtime/InputSystem/DeviceLayouts.cs using Guid(3d1f4a47ef459d14d9aeadd495127314) Importer(815301076,1909f56bfc062723c751e8b465ee728b)  -> (artifact id: 'b96560af8ab7511c4cf498c825e4989e') in 0.003167 seconds 
========================================================================
Received Prepare
Registering precompiled user dll's ...
Registered in 0.013948 seconds.
Begin MonoManager ReloadAssembly
Symbol file LoadedFromMemory doesn't match image C:\Users\nip02\OneDrive\Documentos\GitHub\Fisio_room\My project (1)\Library\PackageCache\com.unity.visualscripting@1.8.0\Editor\VisualScripting.Core\Dependencies\YamlDotNet\Unity.VisualScripting.YamlDotNet.dll
Symbol file LoadedFromMemory doesn't match image C:\Users\nip02\OneDrive\Documentos\GitHub\Fisio_room\My project (1)\Library\PackageCache\com.unity.visualscripting@1.8.0\Editor\VisualScripting.Core\Dependencies\DotNetZip\Unity.VisualScripting.IonicZip.dll
Native extension for WindowsStandalone target not found
Native extension for WebGL target not found
Refreshing native plugins compatible for Editor in 0.91 ms, found 6 plugins.
Preloading 1 native plugins for Editor in 0.13 ms.
System.Reflection.TargetInvocationException: Exception has been thrown by the target of an invocation. ---> System.NullReferenceException: Object reference not set to an instance of an object
  at Unity.XR.Oculus.OculusLoader.AssetPathToAbsolutePath (System.String assetPath) [0x0003d] in C:\Users\nip02\OneDrive\Documentos\GitHub\Fisio_room\My project (1)\Library\PackageCache\com.unity.xr.oculus@3.3.0\Runtime\OculusLoader.cs:282 
  at Unity.XR.Oculus.OculusLoader.EditorLoadOVRPlugin () [0x0007b] in C:\Users\nip02\OneDrive\Documentos\GitHub\Fisio_room\My project (1)\Library\PackageCache\com.unity.xr.oculus@3.3.0\Runtime\OculusLoader.cs:267 
  at (wrapper managed-to-native) System.Reflection.RuntimeMethodInfo.InternalInvoke(System.Reflection.RuntimeMethodInfo,object,object[],System.Exception&)
  at System.Reflection.RuntimeMethodInfo.Invoke (System.Object obj, System.Reflection.BindingFlags invokeAttr, System.Reflection.Binder binder, System.Object[] parameters, System.Globalization.CultureInfo culture) [0x0006a] in <4a4789deb75f446a81a24a1a00bdd3f9>:0 
   --- End of inner exception stack trace ---
  at System.Reflection.RuntimeMethodInfo.Invoke (System.Object obj, System.Reflection.BindingFlags invokeAttr, System.Reflection.Binder binder, System.Object[] parameters, System.Globalization.CultureInfo culture) [0x00083] in <4a4789deb75f446a81a24a1a00bdd3f9>:0 
  at System.Reflection.MethodBase.Invoke (System.Object obj, System.Object[] parameters) [0x00000] in <4a4789deb75f446a81a24a1a00bdd3f9>:0 
  at UnityEditor.EditorAssemblies.ProcessInitializeOnLoadMethodAttributes () [0x000a5] in <e3d2e3f6a525465bbf8c67432a3cb6ef>:0 
UnityEngine.StackTraceUtility:ExtractStackTrace ()
UnityEngine.DebugLogHandler:LogFormat (UnityEngine.LogType,UnityEngine.Object,string,object[])
UnityEngine.Logger:Log (UnityEngine.LogType,object)
UnityEngine.Debug:LogError (object)
UnityEditor.EditorAssemblies:ProcessInitializeOnLoadMethodAttributes ()

Mono: successfully reloaded assembly
- Completed reload, in  1.502 seconds
Domain Reload Profiling:
	ReloadAssembly (1503ms)
		BeginReloadAssembly (173ms)
			ExecutionOrderSort (0ms)
			DisableScriptedObjects (8ms)
			BackupInstance (0ms)
			ReleaseScriptingObjects (0ms)
			CreateAndSetChildDomain (51ms)
		EndReloadAssembly (1216ms)
			LoadAssemblies (113ms)
			RebuildTransferFunctionScriptingTraits (0ms)
			SetupTypeCache (418ms)
			ReleaseScriptCaches (1ms)
			RebuildScriptCaches (77ms)
			SetupLoadedEditorAssemblies (529ms)
				LogAssemblyErrors (0ms)
				InitializePlatformSupportModulesInManaged (8ms)
				SetLoadedEditorAssemblies (0ms)
				RefreshPlugins (1ms)
				BeforeProcessingInitializeOnLoad (69ms)
				ProcessInitializeOnLoadAttributes (416ms)
				ProcessInitializeOnLoadMethodAttributes (28ms)
				AfterProcessingInitializeOnLoad (7ms)
				EditorAssembliesLoaded (0ms)
			ExecutionOrderSort2 (0ms)
			AwakeInstancesAfterBackupRestoration (5ms)
Platform modules already initialized, skipping
Refreshing native plugins compatible for Editor in 3.03 ms, found 6 plugins.
Preloading 1 native plugins for Editor in 0.08 ms.
Unloading 4122 Unused Serialized files (Serialized files now loaded: 0)
Unloading 17 unused Assets / (24.7 KB). Loaded Objects now: 4630.
Memory consumption went from 154.4 MB to 154.4 MB.
Total: 3.157000 ms (FindLiveObjects: 0.364700 ms CreateObjectMapping: 0.152000 ms MarkObjects: 2.612900 ms  DeleteObjects: 0.025900 ms)

AssetImportParameters requested are different than current active one (requested -> active):
  custom:video-decoder-ogg-theora: a1e56fd34408186e4bbccfd4996cb3dc -> 
  custom:container-muxer-webm: aa71ff27fc2769a1b78a27578f13a17b -> 
  custom:container-demuxer-webm: 4f35f7cbe854078d1ac9338744f61a02 -> 
  custom:video-encoder-webm-vp8: eb34c28f22e8b96e1ab97ce403110664 -> 
  custom:video-codec-MediaFoundation-h265: 746d11721c4dcdbdad8f713fa42b33f4 -> 
  custom:audio-encoder-webm-vorbis: bf7c407c2cedff20999df2af8eb42d56 -> 
  custom:framework-win-MediaFoundation: 216162199b28c13a410421893ffa2e32 -> 
  custom:container-demuxer-ogg: 62fdf1f143b41e24485cea50d1cbac27 -> 
  custom:video-decoder-webm-vp8: 9c59270c3fd7afecdb556c50c9e8de78 -> 
  custom:audio-decoder-ogg-vorbis: bf7c407c2cedff20999df2af8eb42d56 -> 
========================================================================
Received Prepare
Registering precompiled user dll's ...
Registered in 0.013940 seconds.
Begin MonoManager ReloadAssembly
Symbol file LoadedFromMemory doesn't match image C:\Users\nip02\OneDrive\Documentos\GitHub\Fisio_room\My project (1)\Library\PackageCache\com.unity.visualscripting@1.8.0\Editor\VisualScripting.Core\Dependencies\YamlDotNet\Unity.VisualScripting.YamlDotNet.dll
Symbol file LoadedFromMemory doesn't match image C:\Users\nip02\OneDrive\Documentos\GitHub\Fisio_room\My project (1)\Library\PackageCache\com.unity.visualscripting@1.8.0\Editor\VisualScripting.Core\Dependencies\DotNetZip\Unity.VisualScripting.IonicZip.dll
Native extension for WindowsStandalone target not found
Native extension for WebGL target not found
Refreshing native plugins compatible for Editor in 1.70 ms, found 6 plugins.
Preloading 1 native plugins for Editor in 0.27 ms.
System.Reflection.TargetInvocationException: Exception has been thrown by the target of an invocation. ---> System.NullReferenceException: Object reference not set to an instance of an object
  at Unity.XR.Oculus.OculusLoader.AssetPathToAbsolutePath (System.String assetPath) [0x0003d] in C:\Users\nip02\OneDrive\Documentos\GitHub\Fisio_room\My project (1)\Library\PackageCache\com.unity.xr.oculus@3.3.0\Runtime\OculusLoader.cs:282 
  at Unity.XR.Oculus.OculusLoader.EditorLoadOVRPlugin () [0x0007b] in C:\Users\nip02\OneDrive\Documentos\GitHub\Fisio_room\My project (1)\Library\PackageCache\com.unity.xr.oculus@3.3.0\Runtime\OculusLoader.cs:267 
  at (wrapper managed-to-native) System.Reflection.RuntimeMethodInfo.InternalInvoke(System.Reflection.RuntimeMethodInfo,object,object[],System.Exception&)
  at System.Reflection.RuntimeMethodInfo.Invoke (System.Object obj, System.Reflection.BindingFlags invokeAttr, System.Reflection.Binder binder, System.Object[] parameters, System.Globalization.CultureInfo culture) [0x0006a] in <4a4789deb75f446a81a24a1a00bdd3f9>:0 
   --- End of inner exception stack trace ---
  at System.Reflection.RuntimeMethodInfo.Invoke (System.Object obj, System.Reflection.BindingFlags invokeAttr, System.Reflection.Binder binder, System.Object[] parameters, System.Globalization.CultureInfo culture) [0x00083] in <4a4789deb75f446a81a24a1a00bdd3f9>:0 
  at System.Reflection.MethodBase.Invoke (System.Object obj, System.Object[] parameters) [0x00000] in <4a4789deb75f446a81a24a1a00bdd3f9>:0 
  at UnityEditor.EditorAssemblies.ProcessInitializeOnLoadMethodAttributes () [0x000a5] in <e3d2e3f6a525465bbf8c67432a3cb6ef>:0 
UnityEngine.StackTraceUtility:ExtractStackTrace ()
UnityEngine.DebugLogHandler:LogFormat (UnityEngine.LogType,UnityEngine.Object,string,object[])
UnityEngine.Logger:Log (UnityEngine.LogType,object)
UnityEngine.Debug:LogError (object)
UnityEditor.EditorAssemblies:ProcessInitializeOnLoadMethodAttributes ()

Mono: successfully reloaded assembly
- Completed reload, in  1.841 seconds
Domain Reload Profiling:
	ReloadAssembly (1842ms)
		BeginReloadAssembly (223ms)
			ExecutionOrderSort (0ms)
			DisableScriptedObjects (7ms)
			BackupInstance (0ms)
			ReleaseScriptingObjects (0ms)
			CreateAndSetChildDomain (58ms)
		EndReloadAssembly (1489ms)
			LoadAssemblies (144ms)
			RebuildTransferFunctionScriptingTraits (0ms)
			SetupTypeCache (470ms)
			ReleaseScriptCaches (1ms)
			RebuildScriptCaches (54ms)
			SetupLoadedEditorAssemblies (770ms)
				LogAssemblyErrors (0ms)
				InitializePlatformSupportModulesInManaged (10ms)
				SetLoadedEditorAssemblies (0ms)
				RefreshPlugins (2ms)
				BeforeProcessingInitializeOnLoad (125ms)
				ProcessInitializeOnLoadAttributes (587ms)
				ProcessInitializeOnLoadMethodAttributes (31ms)
				AfterProcessingInitializeOnLoad (13ms)
				EditorAssembliesLoaded (0ms)
			ExecutionOrderSort2 (0ms)
			AwakeInstancesAfterBackupRestoration (10ms)
Platform modules already initialized, skipping
Refreshing native plugins compatible for Editor in 4.76 ms, found 6 plugins.
Preloading 1 native plugins for Editor in 0.11 ms.
Unloading 4122 Unused Serialized files (Serialized files now loaded: 0)
Unloading 17 unused Assets / (24.7 KB). Loaded Objects now: 4634.
Memory consumption went from 154.4 MB to 154.4 MB.
Total: 4.360800 ms (FindLiveObjects: 0.464400 ms CreateObjectMapping: 0.317600 ms MarkObjects: 3.551600 ms  DeleteObjects: 0.026100 ms)

AssetImportParameters requested are different than current active one (requested -> active):
  custom:video-decoder-ogg-theora: a1e56fd34408186e4bbccfd4996cb3dc -> 
  custom:container-muxer-webm: aa71ff27fc2769a1b78a27578f13a17b -> 
  custom:container-demuxer-webm: 4f35f7cbe854078d1ac9338744f61a02 -> 
  custom:video-encoder-webm-vp8: eb34c28f22e8b96e1ab97ce403110664 -> 
  custom:video-codec-MediaFoundation-h265: 746d11721c4dcdbdad8f713fa42b33f4 -> 
  custom:audio-encoder-webm-vorbis: bf7c407c2cedff20999df2af8eb42d56 -> 
  custom:framework-win-MediaFoundation: 216162199b28c13a410421893ffa2e32 -> 
  custom:container-demuxer-ogg: 62fdf1f143b41e24485cea50d1cbac27 -> 
  custom:video-decoder-webm-vp8: 9c59270c3fd7afecdb556c50c9e8de78 -> 
  custom:audio-decoder-ogg-vorbis: bf7c407c2cedff20999df2af8eb42d56 -> 
========================================================================
Received Import Request.
  Time since last request: 424.660782 seconds.
  path: Assets/XR/XRGeneralSettingsPerBuildTarget.asset
  artifactKey: Guid(b6408e186321a3848af8b8b35b92f425) Importer(815301076,1909f56bfc062723c751e8b465ee728b)
Start importing Assets/XR/XRGeneralSettingsPerBuildTarget.asset using Guid(b6408e186321a3848af8b8b35b92f425) Importer(815301076,1909f56bfc062723c751e8b465ee728b)  -> (artifact id: '0c2436c07cd91eea539376725a3616ac') in 0.044688 seconds 
========================================================================
Received Import Request.
  Time since last request: 2.562993 seconds.
  path: Assets/XR/Settings
  artifactKey: Guid(51834a6c8fabc8943bebf601ea016dc0) Importer(815301076,1909f56bfc062723c751e8b465ee728b)
Start importing Assets/XR/Settings using Guid(51834a6c8fabc8943bebf601ea016dc0) Importer(815301076,1909f56bfc062723c751e8b465ee728b)  -> (artifact id: 'cae2029761a5d4ffd78664e063b989e5') in 0.006153 seconds 
========================================================================
Received Import Request.
  Time since last request: 0.061055 seconds.
  path: Assets/XR/Settings/OculusSettings.asset
  artifactKey: Guid(3d0b643d1c93bb643b851af948be3701) Importer(815301076,1909f56bfc062723c751e8b465ee728b)
Start importing Assets/XR/Settings/OculusSettings.asset using Guid(3d0b643d1c93bb643b851af948be3701) Importer(815301076,1909f56bfc062723c751e8b465ee728b)  -> (artifact id: '0a0c915b8ffb5836b764b8cf94fc5ccf') in 0.008596 seconds 
========================================================================
Received Import Request.
  Time since last request: 1.602962 seconds.
  path: Assets/XR/Loaders/OculusLoader.asset
  artifactKey: Guid(b2b5c370c5138014cb7a34045ffaf5c0) Importer(815301076,1909f56bfc062723c751e8b465ee728b)
Start importing Assets/XR/Loaders/OculusLoader.asset using Guid(b2b5c370c5138014cb7a34045ffaf5c0) Importer(815301076,1909f56bfc062723c751e8b465ee728b)  -> (artifact id: '7ca7ebf47431bb59f0db5dfce8651baa') in 0.004644 seconds 
========================================================================
Received Import Request.
  Time since last request: 131.481197 seconds.
  path: Assets/Materials/Concrete_Wall_009_basecolor.mat
  artifactKey: Guid(8ab49f0c9c6607449aae3371af03167a) Importer(815301076,1909f56bfc062723c751e8b465ee728b)
Start importing Assets/Materials/Concrete_Wall_009_basecolor.mat using Guid(8ab49f0c9c6607449aae3371af03167a) Importer(815301076,1909f56bfc062723c751e8b465ee728b)  -> (artifact id: 'dc297341cb3e1521eda03132082a6215') in 0.152650 seconds 
========================================================================
Received Import Request.
  Time since last request: 0.000032 seconds.
  path: Assets/Materials/nextControllerBoth_color1k.mat
  artifactKey: Guid(07cc49c1efed27c4a9717a6573ec3b09) Importer(815301076,1909f56bfc062723c751e8b465ee728b)
Start importing Assets/Materials/nextControllerBoth_color1k.mat using Guid(07cc49c1efed27c4a9717a6573ec3b09) Importer(815301076,1909f56bfc062723c751e8b465ee728b)  -> (artifact id: '0babe5975ad48ecce66adcf2911ddd02') in 0.022162 seconds 
========================================================================
Received Import Request.
  Time since last request: 0.000034 seconds.
  path: Assets/Samples/XR Interaction Toolkit/2.3.2/Starter Assets/Prefabs/XR Origin Pieces/XR Controller Left.prefab
  artifactKey: Guid(1392f805216c47742996d4742c80721c) Importer(815301076,1909f56bfc062723c751e8b465ee728b)
Start importing Assets/Samples/XR Interaction Toolkit/2.3.2/Starter Assets/Prefabs/XR Origin Pieces/XR Controller Left.prefab using Guid(1392f805216c47742996d4742c80721c) Importer(815301076,1909f56bfc062723c751e8b465ee728b)  -> (artifact id: '697f2c282f1650df1c7fa19d1d9f0349') in 0.034683 seconds 
========================================================================
Received Import Request.
  Time since last request: 0.000036 seconds.
  path: Assets/Materials/Ocean_Dreams_-_Contemporary_Abstract_Painting_7aa795bd-f372-40cf-b6c0-99a7b985aae4.mat
  artifactKey: Guid(755d0d64f4f602545b66d89ab90c9764) Importer(815301076,1909f56bfc062723c751e8b465ee728b)
Start importing Assets/Materials/Ocean_Dreams_-_Contemporary_Abstract_Painting_7aa795bd-f372-40cf-b6c0-99a7b985aae4.mat using Guid(755d0d64f4f602545b66d89ab90c9764) Importer(815301076,1909f56bfc062723c751e8b465ee728b)  -> (artifact id: '78230587034cfebca52ba39bdbfdfe87') in 0.014670 seconds 
========================================================================
Received Import Request.
  Time since last request: 0.000029 seconds.
  path: Assets/Samples/XR Interaction Toolkit/2.3.2/Starter Assets/Prefabs/XR Origin Pieces/XR Controller Right.prefab
  artifactKey: Guid(9f3369e30fbd31f4bb596b1a99babe83) Importer(815301076,1909f56bfc062723c751e8b465ee728b)
Start importing Assets/Samples/XR Interaction Toolkit/2.3.2/Starter Assets/Prefabs/XR Origin Pieces/XR Controller Right.prefab using Guid(9f3369e30fbd31f4bb596b1a99babe83) Importer(815301076,1909f56bfc062723c751e8b465ee728b)  -> (artifact id: '08a487cceb0b61db46ac5e5f455ee878') in 0.023430 seconds 
========================================================================
Received Import Request.
  Time since last request: 0.000019 seconds.
  path: Assets/Samples/XR Interaction Toolkit/2.3.2/Starter Assets/Models/XRControllerRight.fbx
  artifactKey: Guid(11cd62256b1d470f922b2c8e6446cc77) Importer(815301076,1909f56bfc062723c751e8b465ee728b)
Start importing Assets/Samples/XR Interaction Toolkit/2.3.2/Starter Assets/Models/XRControllerRight.fbx using Guid(11cd62256b1d470f922b2c8e6446cc77) Importer(815301076,1909f56bfc062723c751e8b465ee728b)  -> (artifact id: '10b3441505cc523fd63fe37bd4cba5d6') in 0.098416 seconds 
Editor requested this worker to shutdown with reason: Scaling down because of idle timeout
AssetImportWorker is now disconnected from the server
Process exiting
Exiting without the bug reporter. Application will terminate with return code 0