Using pre-set license
Built from '2021.3/staging' branch; Version is '2021.3.24f1 (cf10dcf7010d) revision 13570268'; Using compiler version '192829333'; Build Type 'Release'
OS: 'Windows 11  (10.0.22621) 64bit CoreSingleLanguage' Language: 'pt' Physical Memory: 7975 MB
BatchMode: 1, IsHumanControllingUs: 0, StartBugReporterOnCrash: 0, Is64bit: 1, IsPro: 1

COMMAND LINE ARGUMENTS:
C:\Program Files\Unity\Hub\Editor\2021.3.24f1\Editor\Unity.exe
-adb2
-batchMode
-noUpm
-name
AssetImportWorker2
-projectPath
C:/Users/nip02/OneDrive/Documentos/GitHub/Fisio_room/My project (1)
-logFile
Logs/AssetImportWorker2.log
-srvPort
50315
Successfully changed project path to: C:/Users/nip02/OneDrive/Documentos/GitHub/Fisio_room/My project (1)
C:/Users/nip02/OneDrive/Documentos/GitHub/Fisio_room/My project (1)
[UnityMemory] Configuration Parameters - Can be set up in boot.config
    "memorysetup-bucket-allocator-granularity=16"
    "memorysetup-bucket-allocator-bucket-count=8"
    "memorysetup-bucket-allocator-block-size=33554432"
    "memorysetup-bucket-allocator-block-count=8"
    "memorysetup-main-allocator-block-size=16777216"
    "memorysetup-thread-allocator-block-size=16777216"
    "memorysetup-gfx-main-allocator-block-size=16777216"
    "memorysetup-gfx-thread-allocator-block-size=16777216"
    "memorysetup-cache-allocator-block-size=4194304"
    "memorysetup-typetree-allocator-block-size=2097152"
    "memorysetup-profiler-bucket-allocator-granularity=16"
    "memorysetup-profiler-bucket-allocator-bucket-count=8"
    "memorysetup-profiler-bucket-allocator-block-size=33554432"
    "memorysetup-profiler-bucket-allocator-block-count=8"
    "memorysetup-profiler-allocator-block-size=16777216"
    "memorysetup-profiler-editor-allocator-block-size=1048576"
    "memorysetup-temp-allocator-size-main=16777216"
    "memorysetup-job-temp-allocator-block-size=2097152"
    "memorysetup-job-temp-allocator-block-size-background=1048576"
    "memorysetup-job-temp-allocator-reduction-small-platforms=262144"
    "memorysetup-temp-allocator-size-background-worker=32768"
    "memorysetup-temp-allocator-size-job-worker=262144"
    "memorysetup-temp-allocator-size-preload-manager=33554432"
    "memorysetup-temp-allocator-size-nav-mesh-worker=65536"
    "memorysetup-temp-allocator-size-audio-worker=65536"
    "memorysetup-temp-allocator-size-cloud-worker=32768"
    "memorysetup-temp-allocator-size-gi-baking-worker=262144"
    "memorysetup-temp-allocator-size-gfx=262144"
Player connection [25248] Host "[IP] 200.39.72.227 [Port] 0 [Flags] 2 [Guid] 2697705281 [EditorId] 2697705281 [Version] 1048832 [Id] WindowsEditor(7,Virtwell-2) [Debug] 1 [PackageName] WindowsEditor [ProjectName] Editor" joined multi-casting on [225.0.0.222:54997]...

Player connection [25248] Host "[IP] 200.39.72.227 [Port] 0 [Flags] 2 [Guid] 2697705281 [EditorId] 2697705281 [Version] 1048832 [Id] WindowsEditor(7,Virtwell-2) [Debug] 1 [PackageName] WindowsEditor [ProjectName] Editor" joined alternative multi-casting on [225.0.0.222:34997]...

Refreshing native plugins compatible for Editor in 213.49 ms, found 8 plugins.
Preloading 1 native plugins for Editor in 5.16 ms.
Initialize engine version: 2021.3.24f1 (cf10dcf7010d)
[Subsystems] Discovering subsystems at path C:/Program Files/Unity/Hub/Editor/2021.3.24f1/Editor/Data/Resources/UnitySubsystems
[Subsystems] Discovering subsystems at path C:/Users/nip02/OneDrive/Documentos/GitHub/Fisio_room/My project (1)/Assets
GfxDevice: creating device client; threaded=0; jobified=0
Direct3D:
    Version:  Direct3D 11.0 [level 11.1]
    Renderer: NVIDIA GeForce GTX 1650 (ID=0x1f9d)
    Vendor:   NVIDIA
    VRAM:     3952 MB
    Driver:   31.0.15.3179
Shader 'Oculus/OVRMRCameraFrameLit': fallback shader 'Alpha-Diffuse' not found
Initialize mono
Mono path[0] = 'C:/Program Files/Unity/Hub/Editor/2021.3.24f1/Editor/Data/Managed'
Mono path[1] = 'C:/Program Files/Unity/Hub/Editor/2021.3.24f1/Editor/Data/MonoBleedingEdge/lib/mono/unityjit-win32'
Mono config path = 'C:/Program Files/Unity/Hub/Editor/2021.3.24f1/Editor/Data/MonoBleedingEdge/etc'
Using monoOptions --debugger-agent=transport=dt_socket,embedding=1,server=y,suspend=n,address=127.0.0.1:56452
Begin MonoManager ReloadAssembly
Registering precompiled unity dll's ...
Register platform support module: C:/Program Files/Unity/Hub/Editor/2021.3.24f1/Editor/Data/PlaybackEngines/WebGLSupport/UnityEditor.WebGL.Extensions.dll
Register platform support module: C:/Program Files/Unity/Hub/Editor/2021.3.24f1/Editor/Data/PlaybackEngines/AndroidPlayer/UnityEditor.Android.Extensions.dll
Register platform support module: C:/Program Files/Unity/Hub/Editor/2021.3.24f1/Editor/Data/PlaybackEngines/WindowsStandaloneSupport/UnityEditor.WindowsStandalone.Extensions.dll
Registered in 0.005344 seconds.
Native extension for WindowsStandalone target not found
Native extension for Android target not found
Android Extension - Scanning For ADB Devices 261 ms
Native extension for WebGL target not found
Refreshing native plugins compatible for Editor in 101.05 ms, found 8 plugins.
Preloading 1 native plugins for Editor in 0.11 ms.
Mono: successfully reloaded assembly
- Completed reload, in  0.868 seconds
Domain Reload Profiling:
	ReloadAssembly (868ms)
		BeginReloadAssembly (84ms)
			ExecutionOrderSort (0ms)
			DisableScriptedObjects (0ms)
			BackupInstance (0ms)
			ReleaseScriptingObjects (0ms)
			CreateAndSetChildDomain (1ms)
		EndReloadAssembly (697ms)
			LoadAssemblies (82ms)
			RebuildTransferFunctionScriptingTraits (0ms)
			SetupTypeCache (94ms)
			ReleaseScriptCaches (0ms)
			RebuildScriptCaches (25ms)
			SetupLoadedEditorAssemblies (534ms)
				LogAssemblyErrors (0ms)
				InitializePlatformSupportModulesInManaged (320ms)
				SetLoadedEditorAssemblies (0ms)
				RefreshPlugins (101ms)
				BeforeProcessingInitializeOnLoad (1ms)
				ProcessInitializeOnLoadAttributes (77ms)
				ProcessInitializeOnLoadMethodAttributes (34ms)
				AfterProcessingInitializeOnLoad (0ms)
				EditorAssembliesLoaded (0ms)
			ExecutionOrderSort2 (0ms)
			AwakeInstancesAfterBackupRestoration (0ms)
Platform modules already initialized, skipping
Registering precompiled user dll's ...
Registered in 0.007511 seconds.
Begin MonoManager ReloadAssembly
Native extension for WindowsStandalone target not found
Native extension for Android target not found
Native extension for WebGL target not found
Refreshing native plugins compatible for Editor in 103.78 ms, found 8 plugins.
Preloading 1 native plugins for Editor in 0.11 ms.
Package Manager log level set to [2]
[XR] OculusXRPlugin: registering subsystems
[XR] Unable to register display lifecyle provider: [1]
[XR] Oculus Input lifecycle provider registered.
[XR] Unable to register input lifecyle provider: [1]
[XR] OVRP version 1.85.0
Mono: successfully reloaded assembly
- Completed reload, in  1.441 seconds
Domain Reload Profiling:
	ReloadAssembly (1442ms)
		BeginReloadAssembly (109ms)
			ExecutionOrderSort (0ms)
			DisableScriptedObjects (6ms)
			BackupInstance (0ms)
			ReleaseScriptingObjects (0ms)
			CreateAndSetChildDomain (19ms)
		EndReloadAssembly (1231ms)
			LoadAssemblies (109ms)
			RebuildTransferFunctionScriptingTraits (0ms)
			SetupTypeCache (298ms)
			ReleaseScriptCaches (1ms)
			RebuildScriptCaches (76ms)
			SetupLoadedEditorAssemblies (713ms)
				LogAssemblyErrors (0ms)
				InitializePlatformSupportModulesInManaged (16ms)
				SetLoadedEditorAssemblies (0ms)
				RefreshPlugins (104ms)
				BeforeProcessingInitializeOnLoad (92ms)
				ProcessInitializeOnLoadAttributes (475ms)
				ProcessInitializeOnLoadMethodAttributes (21ms)
				AfterProcessingInitializeOnLoad (6ms)
				EditorAssembliesLoaded (0ms)
			ExecutionOrderSort2 (0ms)
			AwakeInstancesAfterBackupRestoration (5ms)
Platform modules already initialized, skipping
========================================================================
Worker process is ready to serve import requests
Shader 'Oculus/OVRMRCameraFrameLit': fallback shader 'Alpha-Diffuse' not found
Launched and connected shader compiler UnityShaderCompiler.exe after 0.04 seconds
Refreshing native plugins compatible for Editor in 1.19 ms, found 8 plugins.
Preloading 1 native plugins for Editor in 0.11 ms.
Unloading 5756 Unused Serialized files (Serialized files now loaded: 0)
Unloading 55 unused Assets / (137.2 KB). Loaded Objects now: 6205.
Memory consumption went from 217.9 MB to 217.7 MB.
Total: 4.063000 ms (FindLiveObjects: 0.437900 ms CreateObjectMapping: 0.253000 ms MarkObjects: 3.154500 ms  DeleteObjects: 0.216500 ms)

AssetImportParameters requested are different than current active one (requested -> active):
  custom:video-decoder-ogg-theora: a1e56fd34408186e4bbccfd4996cb3dc -> 
  custom:container-muxer-webm: aa71ff27fc2769a1b78a27578f13a17b -> 
  custom:container-demuxer-webm: 4f35f7cbe854078d1ac9338744f61a02 -> 
  custom:video-encoder-webm-vp8: eb34c28f22e8b96e1ab97ce403110664 -> 
  custom:video-codec-MediaFoundation-h265: 746d11721c4dcdbdad8f713fa42b33f4 -> 
  custom:audio-encoder-webm-vorbis: bf7c407c2cedff20999df2af8eb42d56 -> 
  custom:framework-win-MediaFoundation: 216162199b28c13a410421893ffa2e32 -> 
  custom:container-demuxer-ogg: 62fdf1f143b41e24485cea50d1cbac27 -> 
  custom:video-decoder-webm-vp8: 9c59270c3fd7afecdb556c50c9e8de78 -> 
  custom:audio-decoder-ogg-vorbis: bf7c407c2cedff20999df2af8eb42d56 -> 
========================================================================
Received Import Request.
  Time since last request: 7085.746376 seconds.
  path: Assets/Oculus/VR/Textures
  artifactKey: Guid(1938789817fe3974ea20e502ed4bcd76) Importer(815301076,1909f56bfc062723c751e8b465ee728b)
Start importing Assets/Oculus/VR/Textures using Guid(1938789817fe3974ea20e502ed4bcd76) Importer(815301076,1909f56bfc062723c751e8b465ee728b)  -> (artifact id: 'dc05fc1bc7a4410e3fe0cba5128475a5') in 0.018470 seconds 
========================================================================
Received Import Request.
  Time since last request: 0.040388 seconds.
  path: Assets/Oculus/VR/Textures/Black.png
  artifactKey: Guid(a025c23fceb7d4966b603419f551ce99) Importer(815301076,1909f56bfc062723c751e8b465ee728b)
Start importing Assets/Oculus/VR/Textures/Black.png using Guid(a025c23fceb7d4966b603419f551ce99) Importer(815301076,1909f56bfc062723c751e8b465ee728b)  -> (artifact id: 'bfa52a59af85fd995c4cbc3c54fcf3ab') in 0.095969 seconds 
========================================================================
Received Import Request.
  Time since last request: 0.000043 seconds.
  path: Assets/Oculus/VR/Textures/gaze_cursor_timer.tga
  artifactKey: Guid(79a33e7a7166c6142ad50f46a9a23d3e) Importer(815301076,1909f56bfc062723c751e8b465ee728b)
Start importing Assets/Oculus/VR/Textures/gaze_cursor_timer.tga using Guid(79a33e7a7166c6142ad50f46a9a23d3e) Importer(815301076,1909f56bfc062723c751e8b465ee728b)  -> (artifact id: '386e408b1487449f76dc8846243ebe4b') in 0.029514 seconds 
========================================================================
Received Import Request.
  Time since last request: 15.891164 seconds.
  path: Assets/Oculus/SampleFramework/Usage/SpatialAnchor/Meshs/AnchorModel.fbx
  artifactKey: Guid(80e6035dc653427458a8ff49ad454eee) Importer(815301076,1909f56bfc062723c751e8b465ee728b)
Start importing Assets/Oculus/SampleFramework/Usage/SpatialAnchor/Meshs/AnchorModel.fbx using Guid(80e6035dc653427458a8ff49ad454eee) Importer(815301076,1909f56bfc062723c751e8b465ee728b)  -> (artifact id: '6b7e25a308793ff182b0277111f0d7cc') in 0.199468 seconds 
========================================================================
Received Import Request.
  Time since last request: 0.000041 seconds.
  path: Assets/Oculus/SampleFramework/Usage/SpatialAnchor/Textures/OCUI_24_Filled_2x.png
  artifactKey: Guid(7f186a9ac091755489927d745be0185a) Importer(815301076,1909f56bfc062723c751e8b465ee728b)
Start importing Assets/Oculus/SampleFramework/Usage/SpatialAnchor/Textures/OCUI_24_Filled_2x.png using Guid(7f186a9ac091755489927d745be0185a) Importer(815301076,1909f56bfc062723c751e8b465ee728b)  -> (artifact id: 'ed488837b53322d9c3dd637b5b5c9469') in 1.057823 seconds 
========================================================================
Received Import Request.
  Time since last request: 0.000058 seconds.
  path: Assets/Oculus/SampleFramework/Core/CustomHands/Models/l_hand_skeletal_lowres.fbx
  artifactKey: Guid(ca20b3907ff1c794cb89c1ad2cce8282) Importer(815301076,1909f56bfc062723c751e8b465ee728b)
Start importing Assets/Oculus/SampleFramework/Core/CustomHands/Models/l_hand_skeletal_lowres.fbx using Guid(ca20b3907ff1c794cb89c1ad2cce8282) Importer(815301076,1909f56bfc062723c751e8b465ee728b)  -> (artifact id: '0902f93d842b90838b3e627afbf454a7') in 0.165291 seconds 
========================================================================
Received Import Request.
  Time since last request: 0.000039 seconds.
  path: Assets/Oculus/SampleFramework/Core/CustomHands/Animations/old_l_hand_pinch_anim.fbx
  artifactKey: Guid(e7d2f46c372333a47a3d2cb064903562) Importer(815301076,1909f56bfc062723c751e8b465ee728b)
Start importing Assets/Oculus/SampleFramework/Core/CustomHands/Animations/old_l_hand_pinch_anim.fbx using Guid(e7d2f46c372333a47a3d2cb064903562) Importer(815301076,1909f56bfc062723c751e8b465ee728b)  -> (artifact id: '5f817c7a438c470166f91530f823652c') in 0.010904 seconds 
========================================================================
Received Import Request.
  Time since last request: 0.000033 seconds.
  path: Assets/Oculus/SampleFramework/Core/CustomHands/Animations/old_r_hand_pinch_anim.fbx
  artifactKey: Guid(6e0d791d9e2bdcd4f80b32d42036676f) Importer(815301076,1909f56bfc062723c751e8b465ee728b)
Start importing Assets/Oculus/SampleFramework/Core/CustomHands/Animations/old_r_hand_pinch_anim.fbx using Guid(6e0d791d9e2bdcd4f80b32d42036676f) Importer(815301076,1909f56bfc062723c751e8b465ee728b)  -> (artifact id: '518868fd8da818b2dbafaaf014095cd9') in 0.012831 seconds 
========================================================================
Received Import Request.
  Time since last request: 0.000049 seconds.
  path: Assets/Oculus/SampleFramework/Core/TouchControllers/Animations/r_controller_neutral_button03_mask_anim.fbx
  artifactKey: Guid(90e3ae0cd1f24414985752a766ef8f84) Importer(815301076,1909f56bfc062723c751e8b465ee728b)
Start importing Assets/Oculus/SampleFramework/Core/TouchControllers/Animations/r_controller_neutral_button03_mask_anim.fbx using Guid(90e3ae0cd1f24414985752a766ef8f84) Importer(815301076,1909f56bfc062723c751e8b465ee728b)  -> (artifact id: '0037588655af4877ca2fe7e6ffd8d209') in 0.022312 seconds 
========================================================================
Received Import Request.
  Time since last request: 0.000060 seconds.
  path: Assets/Oculus/VR/Meshes/OculusTouchForQuestAndRiftS/OculusTouchForQuestAndRiftS_Right.fbx
  artifactKey: Guid(37ba10a26a648144fa2390c8adfb2c8a) Importer(815301076,1909f56bfc062723c751e8b465ee728b)
Start importing Assets/Oculus/VR/Meshes/OculusTouchForQuestAndRiftS/OculusTouchForQuestAndRiftS_Right.fbx using Guid(37ba10a26a648144fa2390c8adfb2c8a) Importer(815301076,1909f56bfc062723c751e8b465ee728b)  -> (artifact id: '7e40e4192862501fb60e17feafc73a90') in 0.144801 seconds 
========================================================================
Received Import Request.
  Time since last request: 0.000031 seconds.
  path: Assets/Oculus/SampleFramework/Core/TouchControllers/Models/left_touch_controller_model_skel.fbx
  artifactKey: Guid(1bf8f52eeebe8e149b9d6e3477251532) Importer(815301076,1909f56bfc062723c751e8b465ee728b)
Start importing Assets/Oculus/SampleFramework/Core/TouchControllers/Models/left_touch_controller_model_skel.fbx using Guid(1bf8f52eeebe8e149b9d6e3477251532) Importer(815301076,1909f56bfc062723c751e8b465ee728b)  -> (artifact id: 'a27d69af725b0549849b30d9fbd73687') in 0.084482 seconds 
========================================================================
Received Import Request.
  Time since last request: 0.000114 seconds.
  path: Assets/Oculus/VR/Meshes/OculusTouchForQuest2/OculusTouchForQuest2_Right.fbx
  artifactKey: Guid(25b5eb0761edb6346b0b3444af76b55e) Importer(815301076,1909f56bfc062723c751e8b465ee728b)
Start importing Assets/Oculus/VR/Meshes/OculusTouchForQuest2/OculusTouchForQuest2_Right.fbx using Guid(25b5eb0761edb6346b0b3444af76b55e) Importer(815301076,1909f56bfc062723c751e8b465ee728b)  -> (artifact id: '4bd9339253c1417242f5a7e2110464b9') in 0.050125 seconds 
========================================================================
Received Import Request.
  Time since last request: 0.000053 seconds.
  path: Assets/Oculus/SampleFramework/Core/TouchControllers/Animations/r_controller_button03_anim.fbx
  artifactKey: Guid(d87443f60dbf8e743b0a2469d69e32b7) Importer(815301076,1909f56bfc062723c751e8b465ee728b)
Start importing Assets/Oculus/SampleFramework/Core/TouchControllers/Animations/r_controller_button03_anim.fbx using Guid(d87443f60dbf8e743b0a2469d69e32b7) Importer(815301076,1909f56bfc062723c751e8b465ee728b)  -> (artifact id: '9343e545d332341abed9d21257b3f9fd') in 0.012431 seconds 
========================================================================
Received Import Request.
  Time since last request: 0.000038 seconds.
  path: Assets/Oculus/VR/Meshes/MetaQuestTouchPro/MetaQuestTouchPro_Right.fbx
  artifactKey: Guid(c933168a9a0f1e04bb793786b96e2f4b) Importer(815301076,1909f56bfc062723c751e8b465ee728b)
Start importing Assets/Oculus/VR/Meshes/MetaQuestTouchPro/MetaQuestTouchPro_Right.fbx using Guid(c933168a9a0f1e04bb793786b96e2f4b) Importer(815301076,1909f56bfc062723c751e8b465ee728b)  -> (artifact id: 'e10a8f40fd2e64cc27621730ee8a90a0') in 0.475898 seconds 
========================================================================
Received Import Request.
  Time since last request: 127.212328 seconds.
  path: Assets/Oculus/SampleFramework/Core/CustomHands/Animations/r_hand_default_anim.fbx
  artifactKey: Guid(b6c38558987444240b3b3950e4450b77) Importer(815301076,1909f56bfc062723c751e8b465ee728b)
Start importing Assets/Oculus/SampleFramework/Core/CustomHands/Animations/r_hand_default_anim.fbx using Guid(b6c38558987444240b3b3950e4450b77) Importer(815301076,1909f56bfc062723c751e8b465ee728b)  -> (artifact id: 'd851f7b0bcc136af935c5ca27d1cc874') in 0.015392 seconds 
========================================================================
Received Import Request.
  Time since last request: 0.000095 seconds.
  path: Assets/Oculus/SampleFramework/Usage/DistanceGrab/Models/squirtgun_01.fbx
  artifactKey: Guid(167926330d1a648699b66decd0abd87a) Importer(815301076,1909f56bfc062723c751e8b465ee728b)
Start importing Assets/Oculus/SampleFramework/Usage/DistanceGrab/Models/squirtgun_01.fbx using Guid(167926330d1a648699b66decd0abd87a) Importer(815301076,1909f56bfc062723c751e8b465ee728b)  -> (artifact id: 'b9c27ccd35842438f6e7b412c6dc346c') in 0.038173 seconds 
========================================================================
Received Import Request.
  Time since last request: 0.000043 seconds.
  path: Assets/Oculus/SampleFramework/Core/TouchControllers/Models/right_touch_controller_model_skel.fbx
  artifactKey: Guid(270ca9aaa39af4d4bb26754fdce0c971) Importer(815301076,1909f56bfc062723c751e8b465ee728b)
Start importing Assets/Oculus/SampleFramework/Core/TouchControllers/Models/right_touch_controller_model_skel.fbx using Guid(270ca9aaa39af4d4bb26754fdce0c971) Importer(815301076,1909f56bfc062723c751e8b465ee728b)  -> (artifact id: '53748c244d9703f18c0548fd87651fa7') in 0.082707 seconds 
========================================================================
Received Import Request.
  Time since last request: 0.000038 seconds.
  path: Assets/Oculus/SampleFramework/Core/CustomHands/Animations/r_hand_pinch_anim.fbx
  artifactKey: Guid(165871bb4fa915847973b6955c7a670d) Importer(815301076,1909f56bfc062723c751e8b465ee728b)
Start importing Assets/Oculus/SampleFramework/Core/CustomHands/Animations/r_hand_pinch_anim.fbx using Guid(165871bb4fa915847973b6955c7a670d) Importer(815301076,1909f56bfc062723c751e8b465ee728b)  -> (artifact id: '913f32b88cb3beb29b14ae426f26644c') in 0.011041 seconds 
========================================================================
Received Import Request.
  Time since last request: 0.000230 seconds.
  path: Assets/Oculus/VR/Meshes/OculusTouchForRift/right_touch_controller_model_skel.fbx
  artifactKey: Guid(c3798d66af7bbe54bbfe22a3b302300b) Importer(815301076,1909f56bfc062723c751e8b465ee728b)
Start importing Assets/Oculus/VR/Meshes/OculusTouchForRift/right_touch_controller_model_skel.fbx using Guid(c3798d66af7bbe54bbfe22a3b302300b) Importer(815301076,1909f56bfc062723c751e8b465ee728b)  -> (artifact id: 'eecd0e6f729a10161cc45491458b374c') in 0.053041 seconds 
========================================================================
Received Import Request.
  Time since last request: 0.160617 seconds.
  path: Assets/Oculus/SampleFramework/Usage/HandsTrainExample/Models/TrainPalette.FBX
  artifactKey: Guid(bd0bb729cb6159b4ab21c5f62cad24ee) Importer(815301076,1909f56bfc062723c751e8b465ee728b)
Start importing Assets/Oculus/SampleFramework/Usage/HandsTrainExample/Models/TrainPalette.FBX using Guid(bd0bb729cb6159b4ab21c5f62cad24ee) Importer(815301076,1909f56bfc062723c751e8b465ee728b)  -> (artifact id: 'ab693acce4a72ae0293e09f3be8e74e4') in 0.994020 seconds 
========================================================================
Received Import Request.
  Time since last request: 1.738244 seconds.
  path: Assets/Oculus/Platform/Scripts/AvatarEditorOptions.cs
  artifactKey: Guid(903081583c88e6749a69ee8cf70f82fc) Importer(815301076,1909f56bfc062723c751e8b465ee728b)
Start importing Assets/Oculus/Platform/Scripts/AvatarEditorOptions.cs using Guid(903081583c88e6749a69ee8cf70f82fc) Importer(815301076,1909f56bfc062723c751e8b465ee728b)  -> (artifact id: '333a80cd225cf1f97d46864793157bc4') in 0.007227 seconds 
========================================================================
Received Import Request.
  Time since last request: 32.606774 seconds.
  path: Assets/Oculus/Interaction
  artifactKey: Guid(e2736caa7f4afaf46aac32a6eee9f71e) Importer(815301076,1909f56bfc062723c751e8b465ee728b)
Start importing Assets/Oculus/Interaction using Guid(e2736caa7f4afaf46aac32a6eee9f71e) Importer(815301076,1909f56bfc062723c751e8b465ee728b)  -> (artifact id: '6cddfca8e69770c92580dbefe7f45577') in 0.003574 seconds 
========================================================================
Received Import Request.
  Time since last request: 1.539406 seconds.
  path: Assets/Oculus/Interaction/OVRIntegration
  artifactKey: Guid(11530c3865290934e91d7341fe9733b3) Importer(815301076,1909f56bfc062723c751e8b465ee728b)
Start importing Assets/Oculus/Interaction/OVRIntegration using Guid(11530c3865290934e91d7341fe9733b3) Importer(815301076,1909f56bfc062723c751e8b465ee728b)  -> (artifact id: '36390c967325cab61d8cc095c5df50bf') in 0.004224 seconds 
========================================================================
Received Import Request.
  Time since last request: 1.643475 seconds.
  path: Assets/Oculus/Interaction/Runtime
  artifactKey: Guid(ad6228a9ccc92e448b26059dce70a6be) Importer(815301076,1909f56bfc062723c751e8b465ee728b)
Start importing Assets/Oculus/Interaction/Runtime using Guid(ad6228a9ccc92e448b26059dce70a6be) Importer(815301076,1909f56bfc062723c751e8b465ee728b)  -> (artifact id: 'e0c65fdabaada50d0f8fd516b627a45d') in 0.003104 seconds 
========================================================================
Received Import Request.
  Time since last request: 0.109791 seconds.
  path: Assets/Oculus/Interaction/Runtime/Oculus.Interaction.asmdef
  artifactKey: Guid(2a230cb87a1d3ba4a98bdc0ddae76e6c) Importer(815301076,1909f56bfc062723c751e8b465ee728b)
Start importing Assets/Oculus/Interaction/Runtime/Oculus.Interaction.asmdef using Guid(2a230cb87a1d3ba4a98bdc0ddae76e6c) Importer(815301076,1909f56bfc062723c751e8b465ee728b)  -> (artifact id: 'be67dc243765563536c034113ae1d89d') in 0.003959 seconds 
========================================================================
Received Import Request.
  Time since last request: 2.808373 seconds.
  path: Assets/Oculus/Interaction/Editor
  artifactKey: Guid(e628d552f8b252d44815ffae12fd3976) Importer(815301076,1909f56bfc062723c751e8b465ee728b)
Start importing Assets/Oculus/Interaction/Editor using Guid(e628d552f8b252d44815ffae12fd3976) Importer(815301076,1909f56bfc062723c751e8b465ee728b)  -> (artifact id: '6da5bdd15aa526c456070161203b0f29') in 0.003633 seconds 
========================================================================
Received Import Request.
  Time since last request: 0.072396 seconds.
  path: Assets/Oculus/Interaction/Editor/Oculus.Interaction.Editor.asmdef
  artifactKey: Guid(48af58ae5328ff048acacd924604a804) Importer(815301076,1909f56bfc062723c751e8b465ee728b)
Start importing Assets/Oculus/Interaction/Editor/Oculus.Interaction.Editor.asmdef using Guid(48af58ae5328ff048acacd924604a804) Importer(815301076,1909f56bfc062723c751e8b465ee728b)  -> (artifact id: 'c664d6c3b8d29d9ba449a7b7d84de516') in 0.002768 seconds 
========================================================================
Received Import Request.
  Time since last request: 1.778711 seconds.
  path: Assets/Oculus/Interaction/Editor/Body
  artifactKey: Guid(7b46659523f404646babada299c34172) Importer(815301076,1909f56bfc062723c751e8b465ee728b)
Start importing Assets/Oculus/Interaction/Editor/Body using Guid(7b46659523f404646babada299c34172) Importer(815301076,1909f56bfc062723c751e8b465ee728b)  -> (artifact id: 'e8b295c35d120563d019c95dab559700') in 0.002851 seconds 
========================================================================
Received Import Request.
  Time since last request: 1.699100 seconds.
  path: Assets/Oculus/Interaction/Editor/Body/BodyPoseComparerConfigPropertyDrawer.cs
  artifactKey: Guid(57db1cbbceaaab34dafc9c1f0a32da20) Importer(815301076,1909f56bfc062723c751e8b465ee728b)
Start importing Assets/Oculus/Interaction/Editor/Body/BodyPoseComparerConfigPropertyDrawer.cs using Guid(57db1cbbceaaab34dafc9c1f0a32da20) Importer(815301076,1909f56bfc062723c751e8b465ee728b)  -> (artifact id: '04fa221d03a3188d1f02508178748403') in 0.002741 seconds 
========================================================================
Received Import Request.
  Time since last request: 21.380483 seconds.
  path: Assets/Oculus/Interaction/Runtime/Animations
  artifactKey: Guid(db583baa22f417146abd434b0213be9e) Importer(815301076,1909f56bfc062723c751e8b465ee728b)
Start importing Assets/Oculus/Interaction/Runtime/Animations using Guid(db583baa22f417146abd434b0213be9e) Importer(815301076,1909f56bfc062723c751e8b465ee728b)  -> (artifact id: '6a4ad2cd6e6eae577cb28f4ef5d3c8f7') in 0.005065 seconds 
========================================================================
Received Import Request.
  Time since last request: 1.432813 seconds.
  path: Assets/Oculus/Interaction/Runtime/Animations/Hands
  artifactKey: Guid(669386ac07a2c2f49b678016df2a7ca6) Importer(815301076,1909f56bfc062723c751e8b465ee728b)
Start importing Assets/Oculus/Interaction/Runtime/Animations/Hands using Guid(669386ac07a2c2f49b678016df2a7ca6) Importer(815301076,1909f56bfc062723c751e8b465ee728b)  -> (artifact id: 'c60d2b7f911bf62fd0df0d879bc3d6b8') in 0.003188 seconds 
========================================================================
Received Import Request.
  Time since last request: 0.077561 seconds.
  path: Assets/Oculus/Interaction/Runtime/Animations/Hands/indexMask_l_.anim
  artifactKey: Guid(e87d231d9435bbf44b39fc1b848769e8) Importer(815301076,1909f56bfc062723c751e8b465ee728b)
Start importing Assets/Oculus/Interaction/Runtime/Animations/Hands/indexMask_l_.anim using Guid(e87d231d9435bbf44b39fc1b848769e8) Importer(815301076,1909f56bfc062723c751e8b465ee728b)  -> (artifact id: 'a68ae1c8eb41e0d2c9b1c435829879ca') in 0.006082 seconds 
========================================================================
Received Import Request.
  Time since last request: 0.000027 seconds.
  path: Assets/Oculus/Interaction/Runtime/Animations/Hands/thumbMask_l_.anim
  artifactKey: Guid(0f5a40b1c760daa49bb2861fd39edb59) Importer(815301076,1909f56bfc062723c751e8b465ee728b)
Start importing Assets/Oculus/Interaction/Runtime/Animations/Hands/thumbMask_l_.anim using Guid(0f5a40b1c760daa49bb2861fd39edb59) Importer(815301076,1909f56bfc062723c751e8b465ee728b)  -> (artifact id: '461b93b0d5d7454069ee20d9a2f09576') in 0.004749 seconds 
========================================================================
Received Import Request.
  Time since last request: 0.000048 seconds.
  path: Assets/Oculus/Interaction/Runtime/Animations/Hands/thumbMask_r_.anim
  artifactKey: Guid(b2d37b44e3ecc304f931c7d0b08304a5) Importer(815301076,1909f56bfc062723c751e8b465ee728b)
Start importing Assets/Oculus/Interaction/Runtime/Animations/Hands/thumbMask_r_.anim using Guid(b2d37b44e3ecc304f931c7d0b08304a5) Importer(815301076,1909f56bfc062723c751e8b465ee728b)  -> (artifact id: 'a9d42ac2c3cc9918ac80906d8d8592f9') in 0.003778 seconds 
========================================================================
Received Import Request.
  Time since last request: 4.312267 seconds.
  path: Assets/Oculus/Interaction/Runtime/Animations/Locomotion
  artifactKey: Guid(cdb6804ef62bd3e4c98c8a8d9a46b92e) Importer(815301076,1909f56bfc062723c751e8b465ee728b)
Start importing Assets/Oculus/Interaction/Runtime/Animations/Locomotion using Guid(cdb6804ef62bd3e4c98c8a8d9a46b92e) Importer(815301076,1909f56bfc062723c751e8b465ee728b)  -> (artifact id: 'eab15c363079fd0a4b3e451474f7e63f') in 0.003199 seconds 
========================================================================
Received Import Request.
  Time since last request: 322.573451 seconds.
  path: Assets/Oculus/VR/Scripts
  artifactKey: Guid(859d6d3fcffe1bb41ac06f93d267fc9d) Importer(815301076,1909f56bfc062723c751e8b465ee728b)
Start importing Assets/Oculus/VR/Scripts using Guid(859d6d3fcffe1bb41ac06f93d267fc9d) Importer(815301076,1909f56bfc062723c751e8b465ee728b)  -> (artifact id: 'dbccd16462cce45d00ec2e029bf58117') in 0.003575 seconds 
========================================================================
Received Import Request.
  Time since last request: 7.606262 seconds.
  path: Assets/Oculus/AudioManager
  artifactKey: Guid(748054343f6133d44a42c54efa1cc862) Importer(815301076,1909f56bfc062723c751e8b465ee728b)
Start importing Assets/Oculus/AudioManager using Guid(748054343f6133d44a42c54efa1cc862) Importer(815301076,1909f56bfc062723c751e8b465ee728b)  -> (artifact id: 'c530593564bf15638311f2e6f80e0562') in 0.002939 seconds 
========================================================================
Received Import Request.
  Time since last request: 0.061233 seconds.
  path: Assets/Oculus/AudioManager/Oculus.AudioManager.asmdef
  artifactKey: Guid(21b850ac1b5452b46a20c637f002dbf9) Importer(815301076,1909f56bfc062723c751e8b465ee728b)
Start importing Assets/Oculus/AudioManager/Oculus.AudioManager.asmdef using Guid(21b850ac1b5452b46a20c637f002dbf9) Importer(815301076,1909f56bfc062723c751e8b465ee728b)  -> (artifact id: '58089d2b32c45622c45fb39fb8f5afbb') in 0.002437 seconds 
========================================================================
Received Import Request.
  Time since last request: 1.640995 seconds.
  path: Assets/Oculus/AudioManager/Audio
  artifactKey: Guid(29ab7e927676ef74a93aeedf4146f1ac) Importer(815301076,1909f56bfc062723c751e8b465ee728b)
Start importing Assets/Oculus/AudioManager/Audio using Guid(29ab7e927676ef74a93aeedf4146f1ac) Importer(815301076,1909f56bfc062723c751e8b465ee728b)  -> (artifact id: 'f6c99805a2073a96def122b7aedc0f55') in 0.004073 seconds 
========================================================================
Received Import Request.
  Time since last request: 0.696176 seconds.
  path: Assets/Oculus/AudioManager/Audio/TestSounds
  artifactKey: Guid(180c8a539f95cce428f820b0ba392c1f) Importer(815301076,1909f56bfc062723c751e8b465ee728b)
Start importing Assets/Oculus/AudioManager/Audio/TestSounds using Guid(180c8a539f95cce428f820b0ba392c1f) Importer(815301076,1909f56bfc062723c751e8b465ee728b)  -> (artifact id: '338a07d1af43cdb983c181a14cff301e') in 0.003127 seconds 
========================================================================
Received Import Request.
  Time since last request: 0.070882 seconds.
  path: Assets/Oculus/AudioManager/Audio/TestSounds/metal_sliding_door_close_01.wav
  artifactKey: Guid(485ac48a563e2bf44bb4de7ead5a1f68) Importer(815301076,1909f56bfc062723c751e8b465ee728b)
Start importing Assets/Oculus/AudioManager/Audio/TestSounds/metal_sliding_door_close_01.wav using Guid(485ac48a563e2bf44bb4de7ead5a1f68) Importer(815301076,1909f56bfc062723c751e8b465ee728b)  -> (artifact id: 'be0ee7462119a5fe6e0443893c6dc1b6') in 0.126353 seconds 
========================================================================
Received Import Request.
  Time since last request: 0.000030 seconds.
  path: Assets/Oculus/AudioManager/Audio/TestSounds/metal_sliding_door_open_01.wav
  artifactKey: Guid(7000b4d67a1320940b363f3cf891dfff) Importer(815301076,1909f56bfc062723c751e8b465ee728b)
Start importing Assets/Oculus/AudioManager/Audio/TestSounds/metal_sliding_door_open_01.wav using Guid(7000b4d67a1320940b363f3cf891dfff) Importer(815301076,1909f56bfc062723c751e8b465ee728b)  -> (artifact id: '4994e540fee02fa8c89ca6a97f0c092a') in 0.018816 seconds 
========================================================================
Received Import Request.
  Time since last request: 5.637657 seconds.
  path: Assets/Oculus/LipSync
  artifactKey: Guid(869689b68571c6948aa30f45321601bb) Importer(815301076,1909f56bfc062723c751e8b465ee728b)
Start importing Assets/Oculus/LipSync using Guid(869689b68571c6948aa30f45321601bb) Importer(815301076,1909f56bfc062723c751e8b465ee728b)  -> (artifact id: 'fee1fa9895ff876f953663cb051e2285') in 0.002537 seconds 
========================================================================
Received Import Request.
  Time since last request: 0.075397 seconds.
  path: Assets/Oculus/LipSync/Oculus.LipSync.asmdef
  artifactKey: Guid(bf7126905a54c9746b9c475d69312766) Importer(815301076,1909f56bfc062723c751e8b465ee728b)
Start importing Assets/Oculus/LipSync/Oculus.LipSync.asmdef using Guid(bf7126905a54c9746b9c475d69312766) Importer(815301076,1909f56bfc062723c751e8b465ee728b)  -> (artifact id: 'c86833ef11b30713fb8d9bb7a21bec0a') in 0.002473 seconds 
========================================================================
Received Import Request.
  Time since last request: 7.830546 seconds.
  path: Assets/Oculus/LipSync/Scripts
  artifactKey: Guid(a96f219c252e0cc4eb074d5b7bbda9b3) Importer(815301076,1909f56bfc062723c751e8b465ee728b)
Start importing Assets/Oculus/LipSync/Scripts using Guid(a96f219c252e0cc4eb074d5b7bbda9b3) Importer(815301076,1909f56bfc062723c751e8b465ee728b)  -> (artifact id: 'b11ce67127ae0605b17f9b59feb7b91f') in 0.002735 seconds 
========================================================================
Received Import Request.
  Time since last request: 4.102807 seconds.
  path: Assets/Oculus/LipSync/Models
  artifactKey: Guid(fe1e90827fcfcac4883e383c51a78ddd) Importer(815301076,1909f56bfc062723c751e8b465ee728b)
Start importing Assets/Oculus/LipSync/Models using Guid(fe1e90827fcfcac4883e383c51a78ddd) Importer(815301076,1909f56bfc062723c751e8b465ee728b)  -> (artifact id: 'efea0c958fe32dbf8e3ada49ad0d4d51') in 0.003426 seconds 
========================================================================
Received Import Request.
  Time since last request: 2.072766 seconds.
  path: Assets/Oculus/LipSync/Models/RobotHead_TextureFlip
  artifactKey: Guid(a4624e55b9bd82444bf4687fee7e9346) Importer(815301076,1909f56bfc062723c751e8b465ee728b)
Start importing Assets/Oculus/LipSync/Models/RobotHead_TextureFlip using Guid(a4624e55b9bd82444bf4687fee7e9346) Importer(815301076,1909f56bfc062723c751e8b465ee728b)  -> (artifact id: '7124469069565ef4232917475b94c9f3') in 0.003470 seconds 
========================================================================
Received Import Request.
  Time since last request: 0.066306 seconds.
  path: Assets/Oculus/LipSync/Models/RobotHead_TextureFlip/aa.png
  artifactKey: Guid(5c06354455999f94ea26114e261dde6d) Importer(815301076,1909f56bfc062723c751e8b465ee728b)
Start importing Assets/Oculus/LipSync/Models/RobotHead_TextureFlip/aa.png using Guid(5c06354455999f94ea26114e261dde6d) Importer(815301076,1909f56bfc062723c751e8b465ee728b)  -> (artifact id: '0e5c0a0a174a88442f8b981a55a7318b') in 0.018161 seconds 
========================================================================
Received Import Request.
  Time since last request: 0.000049 seconds.
  path: Assets/Oculus/LipSync/Models/RobotHead_TextureFlip/RobotHead_TextureFlip.FBX
  artifactKey: Guid(f82b1e3c015abaa409d91ab8eb628ac4) Importer(815301076,1909f56bfc062723c751e8b465ee728b)
Start importing Assets/Oculus/LipSync/Models/RobotHead_TextureFlip/RobotHead_TextureFlip.FBX using Guid(f82b1e3c015abaa409d91ab8eb628ac4) Importer(815301076,1909f56bfc062723c751e8b465ee728b)  -> (artifact id: '9950b74062499eeda66907e425893dcb') in 0.353754 seconds 
========================================================================
Received Import Request.
  Time since last request: 0.000038 seconds.
  path: Assets/Oculus/LipSync/Models/RobotHead_TextureFlip/TH.png
  artifactKey: Guid(d14bb80824ed25b44a65ddfc7f591e29) Importer(815301076,1909f56bfc062723c751e8b465ee728b)
Start importing Assets/Oculus/LipSync/Models/RobotHead_TextureFlip/TH.png using Guid(d14bb80824ed25b44a65ddfc7f591e29) Importer(815301076,1909f56bfc062723c751e8b465ee728b)  -> (artifact id: '2ededb4bebbcd1a2322954748382e544') in 0.018444 seconds 
========================================================================
Received Import Request.
  Time since last request: 0.000048 seconds.
  path: Assets/Oculus/LipSync/Models/RobotHead_TextureFlip/sil.png
  artifactKey: Guid(46b2920291e9b8c4888ad3fe3f5e5e69) Importer(815301076,1909f56bfc062723c751e8b465ee728b)
Start importing Assets/Oculus/LipSync/Models/RobotHead_TextureFlip/sil.png using Guid(46b2920291e9b8c4888ad3fe3f5e5e69) Importer(815301076,1909f56bfc062723c751e8b465ee728b)  -> (artifact id: '8a015fc0bcde69724dc890e5539fa3aa') in 0.015121 seconds 
========================================================================
Received Import Request.
  Time since last request: 23.589203 seconds.
  path: Assets/Oculus/LipSync/Models/FemaleHead_Morph/skin_DIFF.png
  artifactKey: Guid(466d221c743ab400a8318afe7b830593) Importer(815301076,1909f56bfc062723c751e8b465ee728b)
Start importing Assets/Oculus/LipSync/Models/FemaleHead_Morph/skin_DIFF.png using Guid(466d221c743ab400a8318afe7b830593) Importer(815301076,1909f56bfc062723c751e8b465ee728b)  -> (artifact id: 'a91e5fd21208c9ea54af697d3b491d36') in 0.159014 seconds 
========================================================================
Received Import Request.
  Time since last request: 534.158605 seconds.
  path: Assets/nextControllerBoth_color1k.png
  artifactKey: Guid(e1c7e5b3f06a2a64fa6bbbe49f9f7329) Importer(815301076,1909f56bfc062723c751e8b465ee728b)
Start importing Assets/nextControllerBoth_color1k.png using Guid(e1c7e5b3f06a2a64fa6bbbe49f9f7329) Importer(815301076,1909f56bfc062723c751e8b465ee728b)  -> (artifact id: '7adeaa79770d9de7f6762c8fd81bfd35') in 0.035355 seconds 
========================================================================
Received Import Request.
  Time since last request: 0.000034 seconds.
  path: Assets/quest2_controllers_div0.fbx
  artifactKey: Guid(7b35b6eab43a5ce4bb02d6b7200fb7d7) Importer(815301076,1909f56bfc062723c751e8b465ee728b)
Start importing Assets/quest2_controllers_div0.fbx using Guid(7b35b6eab43a5ce4bb02d6b7200fb7d7) Importer(815301076,1909f56bfc062723c751e8b465ee728b)  -> (artifact id: 'af93e2646699ab9efe3f76b74de4216b') in 0.285876 seconds 
